
*** Running vivado
    with args -log slowrunninglights.vds -m64 -product Vivado -mode batch -messageDb vivado.pb -notrace -source slowrunninglights.tcl



****** Vivado v2024.1 (64-bit)
  **** SW Build 5076996 on Wed May 22 18:37:14 MDT 2024
  **** IP Build 5075265 on Wed May 22 21:45:21 MDT 2024
  **** SharedData Build 5076995 on Wed May 22 18:29:18 MDT 2024
  **** Start of session at: Mon Dec  9 09:50:11 2024
    ** Copyright 1986-2022 Xilinx, Inc. All Rights Reserved.
    ** Copyright 2022-2024 Advanced Micro Devices, Inc. All Rights Reserved.

source slowrunninglights.tcl -notrace
create_project: Time (s): cpu = 00:00:01 ; elapsed = 00:00:07 . Memory (MB): peak = 514.680 ; gain = 198.391
Command: read_checkpoint -auto_incremental -incremental C:/Users/clive/COMBACC/COMBACC.srcs/utils_1/imports/synth_1/slowrunninglights.dcp
INFO: [Vivado 12-5825] Read reference checkpoint from C:/Users/clive/COMBACC/COMBACC.srcs/utils_1/imports/synth_1/slowrunninglights.dcp for incremental synthesis
INFO: [Vivado 12-7989] Please ensure there are no constraint changes
Command: synth_design -top slowrunninglights -part xc7a100tcsg324-2
Starting synth_design
Attempting to get a license for feature 'Synthesis' and/or device 'xc7a100t'
INFO: [Common 17-349] Got license for feature 'Synthesis' and/or device 'xc7a100t'
INFO: [Device 21-403] Loading part xc7a100tcsg324-2
INFO: [Device 21-9227] Part: xc7a100tcsg324-2 does not have CEAM library.
INFO: [Designutils 20-5440] No compile time benefit to using incremental synthesis; A full resynthesis will be run
INFO: [Designutils 20-4379] Flow is switching to default flow due to incremental criteria not met. If you would like to alter this behaviour and have the flow terminate instead, please set the following parameter config_implementation {autoIncr.Synth.RejectBehavior Terminate}
INFO: [Synth 8-7079] Multithreading enabled for synth_design using a maximum of 2 processes.
INFO: [Synth 8-7078] Launching helper process for spawning children vivado processes
INFO: [Synth 8-7075] Helper process launched with PID 7384
---------------------------------------------------------------------------------
Starting RTL Elaboration : Time (s): cpu = 00:00:00 ; elapsed = 00:00:05 . Memory (MB): peak = 1384.570 ; gain = 449.020
---------------------------------------------------------------------------------
INFO: [Synth 8-638] synthesizing module 'slowrunninglights' [C:/Users/clive/COMBACC/COMBACC.srcs/sources_1/new/TEMP1.vhd:18]
INFO: [Synth 8-3491] module 'runninglights' declared at 'C:/Users/clive/COMBACC/COMBACC.srcs/sources_1/new/TEMP2.vhd:6' bound to instance 'runninglights_1' of component 'runninglights' [C:/Users/clive/COMBACC/COMBACC.srcs/sources_1/new/TEMP1.vhd:64]
INFO: [Synth 8-638] synthesizing module 'runninglights' [C:/Users/clive/COMBACC/COMBACC.srcs/sources_1/new/TEMP2.vhd:15]
INFO: [Synth 8-256] done synthesizing module 'runninglights' (0#1) [C:/Users/clive/COMBACC/COMBACC.srcs/sources_1/new/TEMP2.vhd:15]
INFO: [Synth 8-3491] module 'BCD' declared at 'C:/Users/clive/COMBACC/COMBACC.srcs/sources_1/new/TEMP3.vhd:222' bound to instance 'BCD_1' of component 'BCD' [C:/Users/clive/COMBACC/COMBACC.srcs/sources_1/new/TEMP1.vhd:82]
INFO: [Synth 8-638] synthesizing module 'BCD' [C:/Users/clive/COMBACC/COMBACC.srcs/sources_1/new/TEMP3.vhd:233]
INFO: [Synth 8-256] done synthesizing module 'BCD' (0#1) [C:/Users/clive/COMBACC/COMBACC.srcs/sources_1/new/TEMP3.vhd:233]
INFO: [Synth 8-3491] module 'divider' declared at 'C:/Users/clive/COMBACC/COMBACC.srcs/sources_1/new/TEMP4.vhd:6' bound to instance 'divider_1' of component 'divider' [C:/Users/clive/COMBACC/COMBACC.srcs/sources_1/new/TEMP1.vhd:93]
INFO: [Synth 8-638] synthesizing module 'divider' [C:/Users/clive/COMBACC/COMBACC.srcs/sources_1/new/TEMP4.vhd:14]
INFO: [Synth 8-256] done synthesizing module 'divider' (0#1) [C:/Users/clive/COMBACC/COMBACC.srcs/sources_1/new/TEMP4.vhd:14]
INFO: [Synth 8-3491] module 'accel_spi' declared at 'C:/Users/clive/COMBACC/COMBACC.srcs/sources_1/new/TEMP5.vhd:6' bound to instance 'ACC_1' of component 'accel_spi' [C:/Users/clive/COMBACC/COMBACC.srcs/sources_1/new/TEMP1.vhd:100]
INFO: [Synth 8-638] synthesizing module 'accel_spi' [C:/Users/clive/COMBACC/COMBACC.srcs/sources_1/new/TEMP5.vhd:26]
INFO: [Synth 8-256] done synthesizing module 'accel_spi' (0#1) [C:/Users/clive/COMBACC/COMBACC.srcs/sources_1/new/TEMP5.vhd:26]
INFO: [Synth 8-256] done synthesizing module 'slowrunninglights' (0#1) [C:/Users/clive/COMBACC/COMBACC.srcs/sources_1/new/TEMP1.vhd:18]
WARNING: [Synth 8-6014] Unused sequential element clkcount_reg was removed.  [C:/Users/clive/COMBACC/COMBACC.srcs/sources_1/new/TEMP5.vhd:48]
WARNING: [Synth 8-6014] Unused sequential element divClk_reg was removed.  [C:/Users/clive/COMBACC/COMBACC.srcs/sources_1/new/TEMP5.vhd:49]
WARNING: [Synth 8-3848] Net SCK in module/entity accel_spi does not have driver. [C:/Users/clive/COMBACC/COMBACC.srcs/sources_1/new/TEMP5.vhd:12]
WARNING: [Synth 8-3848] Net z in module/entity accel_spi does not have driver. [C:/Users/clive/COMBACC/COMBACC.srcs/sources_1/new/TEMP5.vhd:30]
WARNING: [Synth 8-3848] Net y in module/entity accel_spi does not have driver. [C:/Users/clive/COMBACC/COMBACC.srcs/sources_1/new/TEMP5.vhd:30]
WARNING: [Synth 8-7129] Port SCK in module accel_spi is either unconnected or has no load
WARNING: [Synth 8-7129] Port switch_arr[15] in module accel_spi is either unconnected or has no load
WARNING: [Synth 8-7129] Port switch_arr[14] in module accel_spi is either unconnected or has no load
WARNING: [Synth 8-7129] Port switch_arr[13] in module accel_spi is either unconnected or has no load
WARNING: [Synth 8-7129] Port switch_arr[12] in module accel_spi is either unconnected or has no load
WARNING: [Synth 8-7129] Port switch_arr[11] in module accel_spi is either unconnected or has no load
WARNING: [Synth 8-7129] Port switch_arr[10] in module accel_spi is either unconnected or has no load
WARNING: [Synth 8-7129] Port switch_arr[9] in module accel_spi is either unconnected or has no load
WARNING: [Synth 8-7129] Port switch_arr[8] in module accel_spi is either unconnected or has no load
WARNING: [Synth 8-7129] Port switch_arr[7] in module accel_spi is either unconnected or has no load
WARNING: [Synth 8-7129] Port switch_arr[6] in module accel_spi is either unconnected or has no load
WARNING: [Synth 8-7129] Port switch_arr[5] in module accel_spi is either unconnected or has no load
WARNING: [Synth 8-7129] Port switch_arr[4] in module accel_spi is either unconnected or has no load
WARNING: [Synth 8-7129] Port switch_arr[3] in module accel_spi is either unconnected or has no load
WARNING: [Synth 8-7129] Port switch_arr[2] in module accel_spi is either unconnected or has no load
WARNING: [Synth 8-7129] Port switch_arr[1] in module accel_spi is either unconnected or has no load
---------------------------------------------------------------------------------
Finished RTL Elaboration : Time (s): cpu = 00:00:00 ; elapsed = 00:00:07 . Memory (MB): peak = 1497.406 ; gain = 561.855
---------------------------------------------------------------------------------
---------------------------------------------------------------------------------
Start Handling Custom Attributes
---------------------------------------------------------------------------------
---------------------------------------------------------------------------------
Finished Handling Custom Attributes : Time (s): cpu = 00:00:00 ; elapsed = 00:00:07 . Memory (MB): peak = 1497.406 ; gain = 561.855
---------------------------------------------------------------------------------
---------------------------------------------------------------------------------
Finished RTL Optimization Phase 1 : Time (s): cpu = 00:00:00 ; elapsed = 00:00:07 . Memory (MB): peak = 1497.406 ; gain = 561.855
---------------------------------------------------------------------------------
Netlist sorting complete. Time (s): cpu = 00:00:00 ; elapsed = 00:00:00.006 . Memory (MB): peak = 1497.406 ; gain = 0.000
INFO: [Project 1-570] Preparing netlist for logic optimization

Processing XDC Constraints
Initializing timing engine
Parsing XDC File [C:/Users/clive/COMBACC/COMBACC.srcs/constrs_1/new/constuff.xdc]
Finished Parsing XDC File [C:/Users/clive/COMBACC/COMBACC.srcs/constrs_1/new/constuff.xdc]
INFO: [Project 1-236] Implementation specific constraints were found while reading constraint file [C:/Users/clive/COMBACC/COMBACC.srcs/constrs_1/new/constuff.xdc]. These constraints will be ignored for synthesis but will be used in implementation. Impacted constraints are listed in the file [.Xil/slowrunninglights_propImpl.xdc].
Resolution: To avoid this warning, move constraints listed in [.Xil/slowrunninglights_propImpl.xdc] to another XDC file and exclude this new file from synthesis with the used_in_synthesis property (File Properties dialog in GUI) and re-run elaboration/synthesis.
Completed Processing XDC Constraints

Netlist sorting complete. Time (s): cpu = 00:00:00 ; elapsed = 00:00:00 . Memory (MB): peak = 1605.246 ; gain = 0.000
INFO: [Project 1-111] Unisim Transformation Summary:
No Unisim elements were transformed.

Constraint Validation Runtime : Time (s): cpu = 00:00:00 ; elapsed = 00:00:00.003 . Memory (MB): peak = 1605.246 ; gain = 0.000
INFO: [Designutils 20-5440] No compile time benefit to using incremental synthesis; A full resynthesis will be run
INFO: [Designutils 20-4379] Flow is switching to default flow due to incremental criteria not met. If you would like to alter this behaviour and have the flow terminate instead, please set the following parameter config_implementation {autoIncr.Synth.RejectBehavior Terminate}
---------------------------------------------------------------------------------
Finished Constraint Validation : Time (s): cpu = 00:00:01 ; elapsed = 00:00:14 . Memory (MB): peak = 1605.246 ; gain = 669.695
---------------------------------------------------------------------------------
---------------------------------------------------------------------------------
Start Loading Part and Timing Information
---------------------------------------------------------------------------------
Loading part: xc7a100tcsg324-2
---------------------------------------------------------------------------------
Finished Loading Part and Timing Information : Time (s): cpu = 00:00:01 ; elapsed = 00:00:14 . Memory (MB): peak = 1605.246 ; gain = 669.695
---------------------------------------------------------------------------------
---------------------------------------------------------------------------------
Start Applying 'set_property' XDC Constraints
---------------------------------------------------------------------------------
---------------------------------------------------------------------------------
Finished applying 'set_property' XDC Constraints : Time (s): cpu = 00:00:01 ; elapsed = 00:00:14 . Memory (MB): peak = 1605.246 ; gain = 669.695
---------------------------------------------------------------------------------
INFO: [Synth 8-802] inferred FSM for state register 'spistate_reg' in module 'accel_spi'
---------------------------------------------------------------------------------------------------
                   State |                     New Encoding |                Previous Encoding 
---------------------------------------------------------------------------------------------------
                 command |                              001 |                               00
                 address |                              010 |                               01
                 recieve |                              100 |                               10
---------------------------------------------------------------------------------------------------
INFO: [Synth 8-3354] encoded FSM with state register 'spistate_reg' using encoding 'one-hot' in module 'accel_spi'
---------------------------------------------------------------------------------
Finished RTL Optimization Phase 2 : Time (s): cpu = 00:00:01 ; elapsed = 00:00:15 . Memory (MB): peak = 1605.246 ; gain = 669.695
---------------------------------------------------------------------------------
---------------------------------------------------------------------------------
Start RTL Component Statistics 
---------------------------------------------------------------------------------
Detailed RTL Component Info : 
+---Adders : 
	   2 Input   32 Bit       Adders := 1     
	   2 Input    4 Bit       Adders := 13    
	   2 Input    3 Bit       Adders := 1     
+---Registers : 
	               32 Bit    Registers := 1     
	               16 Bit    Registers := 1     
	                8 Bit    Registers := 4     
	                4 Bit    Registers := 3     
	                1 Bit    Registers := 11    
+---Muxes : 
	   2 Input   32 Bit        Muxes := 1     
	   3 Input   32 Bit        Muxes := 1     
	   3 Input    8 Bit        Muxes := 1     
	   2 Input    6 Bit        Muxes := 2     
	   2 Input    4 Bit        Muxes := 9     
	  12 Input    1 Bit        Muxes := 21    
	   4 Input    1 Bit        Muxes := 7     
	   2 Input    1 Bit        Muxes := 8     
	   3 Input    1 Bit        Muxes := 5     
---------------------------------------------------------------------------------
Finished RTL Component Statistics 
---------------------------------------------------------------------------------
---------------------------------------------------------------------------------
Start Part Resource Summary
---------------------------------------------------------------------------------
Part Resources:
DSPs: 240 (col length:80)
BRAMs: 270 (col length: RAMB18 80 RAMB36 40)
---------------------------------------------------------------------------------
Finished Part Resource Summary
---------------------------------------------------------------------------------
---------------------------------------------------------------------------------
Start Cross Boundary and Area Optimization
---------------------------------------------------------------------------------
WARNING: [Synth 8-7080] Parallel synthesis criteria is not met
WARNING: [Synth 8-7129] Port SCK in module accel_spi is either unconnected or has no load
WARNING: [Synth 8-7129] Port switch_arr[15] in module accel_spi is either unconnected or has no load
WARNING: [Synth 8-7129] Port switch_arr[14] in module accel_spi is either unconnected or has no load
WARNING: [Synth 8-7129] Port switch_arr[13] in module accel_spi is either unconnected or has no load
WARNING: [Synth 8-7129] Port switch_arr[12] in module accel_spi is either unconnected or has no load
WARNING: [Synth 8-7129] Port switch_arr[11] in module accel_spi is either unconnected or has no load
WARNING: [Synth 8-7129] Port switch_arr[10] in module accel_spi is either unconnected or has no load
WARNING: [Synth 8-7129] Port switch_arr[9] in module accel_spi is either unconnected or has no load
WARNING: [Synth 8-7129] Port switch_arr[8] in module accel_spi is either unconnected or has no load
WARNING: [Synth 8-7129] Port switch_arr[7] in module accel_spi is either unconnected or has no load
WARNING: [Synth 8-7129] Port switch_arr[6] in module accel_spi is either unconnected or has no load
WARNING: [Synth 8-7129] Port switch_arr[5] in module accel_spi is either unconnected or has no load
WARNING: [Synth 8-7129] Port switch_arr[4] in module accel_spi is either unconnected or has no load
WARNING: [Synth 8-7129] Port switch_arr[3] in module accel_spi is either unconnected or has no load
WARNING: [Synth 8-7129] Port switch_arr[2] in module accel_spi is either unconnected or has no load
WARNING: [Synth 8-7129] Port switch_arr[1] in module accel_spi is either unconnected or has no load
---------------------------------------------------------------------------------
Finished Cross Boundary and Area Optimization : Time (s): cpu = 00:00:01 ; elapsed = 00:00:19 . Memory (MB): peak = 1605.246 ; gain = 669.695
---------------------------------------------------------------------------------
---------------------------------------------------------------------------------
Start Applying XDC Timing Constraints
---------------------------------------------------------------------------------
---------------------------------------------------------------------------------
Finished Applying XDC Timing Constraints : Time (s): cpu = 00:00:01 ; elapsed = 00:00:24 . Memory (MB): peak = 1605.246 ; gain = 669.695
---------------------------------------------------------------------------------
---------------------------------------------------------------------------------
Start Timing Optimization
---------------------------------------------------------------------------------
---------------------------------------------------------------------------------
Finished Timing Optimization : Time (s): cpu = 00:00:02 ; elapsed = 00:00:25 . Memory (MB): peak = 1605.246 ; gain = 669.695
---------------------------------------------------------------------------------
---------------------------------------------------------------------------------
Start Technology Mapping
---------------------------------------------------------------------------------
---------------------------------------------------------------------------------
Finished Technology Mapping : Time (s): cpu = 00:00:02 ; elapsed = 00:00:25 . Memory (MB): peak = 1605.246 ; gain = 669.695
---------------------------------------------------------------------------------
---------------------------------------------------------------------------------
Start IO Insertion
---------------------------------------------------------------------------------
---------------------------------------------------------------------------------
Start Flattening Before IO Insertion
---------------------------------------------------------------------------------
---------------------------------------------------------------------------------
Finished Flattening Before IO Insertion
---------------------------------------------------------------------------------
---------------------------------------------------------------------------------
Start Final Netlist Cleanup
---------------------------------------------------------------------------------
---------------------------------------------------------------------------------
Finished Final Netlist Cleanup
---------------------------------------------------------------------------------
---------------------------------------------------------------------------------
Finished IO Insertion : Time (s): cpu = 00:00:02 ; elapsed = 00:00:29 . Memory (MB): peak = 1605.246 ; gain = 669.695
---------------------------------------------------------------------------------
---------------------------------------------------------------------------------
Start Renaming Generated Instances
---------------------------------------------------------------------------------
---------------------------------------------------------------------------------
Finished Renaming Generated Instances : Time (s): cpu = 00:00:02 ; elapsed = 00:00:29 . Memory (MB): peak = 1605.246 ; gain = 669.695
---------------------------------------------------------------------------------
---------------------------------------------------------------------------------
Start Rebuilding User Hierarchy
---------------------------------------------------------------------------------
---------------------------------------------------------------------------------
Finished Rebuilding User Hierarchy : Time (s): cpu = 00:00:02 ; elapsed = 00:00:29 . Memory (MB): peak = 1605.246 ; gain = 669.695
---------------------------------------------------------------------------------
---------------------------------------------------------------------------------
Start Renaming Generated Ports
---------------------------------------------------------------------------------
---------------------------------------------------------------------------------
Finished Renaming Generated Ports : Time (s): cpu = 00:00:02 ; elapsed = 00:00:29 . Memory (MB): peak = 1605.246 ; gain = 669.695
---------------------------------------------------------------------------------
---------------------------------------------------------------------------------
Start Handling Custom Attributes
---------------------------------------------------------------------------------
---------------------------------------------------------------------------------
Finished Handling Custom Attributes : Time (s): cpu = 00:00:02 ; elapsed = 00:00:29 . Memory (MB): peak = 1605.246 ; gain = 669.695
---------------------------------------------------------------------------------
---------------------------------------------------------------------------------
Start Renaming Generated Nets
---------------------------------------------------------------------------------
---------------------------------------------------------------------------------
Finished Renaming Generated Nets : Time (s): cpu = 00:00:02 ; elapsed = 00:00:29 . Memory (MB): peak = 1605.246 ; gain = 669.695
---------------------------------------------------------------------------------
---------------------------------------------------------------------------------
Start Writing Synthesis Report
---------------------------------------------------------------------------------

Report BlackBoxes: 
+-+--------------+----------+
| |BlackBox name |Instances |
+-+--------------+----------+
+-+--------------+----------+

Report Cell Usage: 
+------+-------+------+
|      |Cell   |Count |
+------+-------+------+
|1     |BUFG   |     2|
|2     |CARRY4 |    28|
|3     |LUT1   |     6|
|4     |LUT2   |    67|
|5     |LUT3   |     6|
|6     |LUT4   |    43|
|7     |LUT5   |    20|
|8     |LUT6   |    47|
|9     |FDCE   |    37|
|10    |FDPE   |     8|
|11    |FDRE   |    77|
|12    |IBUF   |     4|
|13    |OBUF   |    18|
|14    |OBUFT  |     1|
+------+-------+------+
---------------------------------------------------------------------------------
Finished Writing Synthesis Report : Time (s): cpu = 00:00:02 ; elapsed = 00:00:29 . Memory (MB): peak = 1605.246 ; gain = 669.695
---------------------------------------------------------------------------------
Synthesis finished with 0 errors, 0 critical warnings and 17 warnings.
Synthesis Optimization Runtime : Time (s): cpu = 00:00:01 ; elapsed = 00:00:27 . Memory (MB): peak = 1605.246 ; gain = 561.855
Synthesis Optimization Complete : Time (s): cpu = 00:00:02 ; elapsed = 00:00:29 . Memory (MB): peak = 1605.246 ; gain = 669.695
INFO: [Project 1-571] Translating synthesized netlist
Netlist sorting complete. Time (s): cpu = 00:00:00 ; elapsed = 00:00:00.004 . Memory (MB): peak = 1605.246 ; gain = 0.000
INFO: [Netlist 29-17] Analyzing 28 Unisim elements for replacement
INFO: [Netlist 29-28] Unisim Transformation completed in 0 CPU seconds
INFO: [Project 1-570] Preparing netlist for logic optimization
INFO: [Opt 31-138] Pushed 0 inverter(s) to 0 load pin(s).
Netlist sorting complete. Time (s): cpu = 00:00:00 ; elapsed = 00:00:00 . Memory (MB): peak = 1605.246 ; gain = 0.000
INFO: [Project 1-111] Unisim Transformation Summary:
No Unisim elements were transformed.

Synth Design complete | Checksum: 97b0dff4
INFO: [Common 17-83] Releasing license: Synthesis
38 Infos, 38 Warnings, 0 Critical Warnings and 0 Errors encountered.
synth_design completed successfully
synth_design: Time (s): cpu = 00:00:03 ; elapsed = 00:00:35 . Memory (MB): peak = 1605.246 ; gain = 1086.336
Write ShapeDB Complete: Time (s): cpu = 00:00:00 ; elapsed = 00:00:00.002 . Memory (MB): peak = 1605.246 ; gain = 0.000
INFO: [Common 17-1381] The checkpoint 'C:/Users/clive/COMBACC/COMBACC.runs/synth_1/slowrunninglights.dcp' has been generated.
INFO: [Vivado 12-24828] Executing command : report_utilization -file slowrunninglights_utilization_synth.rpt -pb slowrunninglights_utilization_synth.pb
INFO: [Common 17-206] Exiting Vivado at Mon Dec  9 09:50:56 2024...
